{
  "RSpec": {
    "coverage": {
      "/Users/bvm/workspace/voltmobi/jobs_aggregation/app/controllers/api/v1/feed_items_controller.rb": [
        null,
        null,
        1,
        1,
        1,
        null,
        null,
        1,
        0,
        null,
        0,
        null,
        null
      ],
      "/Users/bvm/workspace/voltmobi/jobs_aggregation/app/controllers/api/v1/application_controller.rb": [
        null,
        null,
        1,
        null
      ],
      "/Users/bvm/workspace/voltmobi/jobs_aggregation/app/controllers/api/application_controller.rb": [
        null,
        null,
        1,
        1,
        null,
        1,
        9,
        null,
        null
      ],
      "/Users/bvm/workspace/voltmobi/jobs_aggregation/app/controllers/application_controller.rb": [
        null,
        null,
        1,
        10,
        null,
        1,
        0,
        null,
        null,
        1,
        null,
        1,
        6,
        null,
        0,
        null,
        null,
        1,
        1,
        null,
        null,
        1,
        1,
        null,
        null
      ],
      "/Users/bvm/workspace/voltmobi/jobs_aggregation/spec/controllers/api/v1/feeds_controller_spec.rb": [
        null,
        null,
        1,
        null,
        1,
        1,
        null,
        1,
        1,
        null,
        5,
        5,
        5,
        null,
        1,
        1,
        null,
        1,
        null,
        1,
        1,
        null,
        null,
        1,
        1,
        null,
        1,
        null,
        null,
        1,
        1,
        1,
        null,
        null,
        1,
        1,
        null,
        4,
        null,
        1,
        null,
        null,
        null,
        1,
        3,
        3,
        null,
        1,
        1,
        null,
        1,
        null,
        null,
        1,
        1,
        null,
        1,
        null,
        null,
        null
      ],
      "/Users/bvm/workspace/voltmobi/jobs_aggregation/app/controllers/api/v1/feeds_controller.rb": [
        null,
        null,
        1,
        1,
        1,
        null,
        null,
        1,
        1,
        null,
        null,
        1,
        1,
        null,
        null,
        1,
        1,
        null,
        null,
        1,
        null,
        1,
        1,
        null,
        null
      ],
      "/Users/bvm/workspace/voltmobi/jobs_aggregation/spec/controllers/api/v1/users_controller_spec.rb": [
        null,
        null,
        1,
        null,
        1,
        1,
        1,
        null,
        1,
        1,
        null,
        1,
        1,
        null,
        null,
        null
      ],
      "/Users/bvm/workspace/voltmobi/jobs_aggregation/app/controllers/api/v1/users_controller.rb": [
        null,
        null,
        1,
        1,
        null
      ],
      "/Users/bvm/workspace/voltmobi/jobs_aggregation/spec/domains/commands/feed/create_spec.rb": [
        null,
        null,
        1,
        null,
        1,
        2,
        null,
        1,
        null,
        1,
        null,
        null,
        null,
        null,
        1,
        null,
        1,
        null,
        1,
        1,
        null,
        null
      ],
      "/Users/bvm/workspace/voltmobi/jobs_aggregation/app/domains/commands/feed/create.rb": [
        null,
        null,
        1,
        1,
        2,
        2,
        null,
        null,
        1,
        2,
        null,
        2,
        null,
        2,
        null,
        null
      ],
      "/Users/bvm/workspace/voltmobi/jobs_aggregation/spec/jobs/feed/parse_job_spec.rb": [
        null,
        null,
        1,
        null,
        1,
        1,
        null,
        3,
        3,
        null,
        3,
        null,
        1,
        2,
        null,
        null,
        1,
        1,
        null,
        null,
        1,
        2,
        null,
        null
      ],
      "/Users/bvm/workspace/voltmobi/jobs_aggregation/app/models/feed.rb": [
        null,
        null,
        1,
        1,
        null,
        1,
        null,
        1,
        2,
        null,
        null,
        null,
        null,
        null,
        null,
        null,
        null,
        null,
        null,
        null,
        null,
        null,
        null
      ],
      "/Users/bvm/workspace/voltmobi/jobs_aggregation/app/jobs/feed/parse_job.rb": [
        null,
        null,
        1,
        1,
        null,
        1,
        1,
        null,
        1,
        null,
        1,
        40,
        null,
        null,
        1,
        1,
        null,
        null
      ],
      "/Users/bvm/workspace/voltmobi/jobs_aggregation/app/jobs/application_job.rb": [
        null,
        null,
        1,
        null,
        null,
        null,
        null,
        null,
        null
      ],
      "/Users/bvm/workspace/voltmobi/jobs_aggregation/spec/models/feed_item_spec.rb": [
        null,
        null,
        1,
        null,
        1,
        2,
        2,
        null,
        1,
        1,
        null,
        1,
        null,
        null,
        1,
        1,
        null,
        1,
        null,
        null
      ],
      "/Users/bvm/workspace/voltmobi/jobs_aggregation/app/models/feed_item.rb": [
        null,
        null,
        1,
        1,
        null,
        2,
        2,
        null
      ],
      "/Users/bvm/workspace/voltmobi/jobs_aggregation/spec/models/feed_spec.rb": [
        null,
        null,
        1,
        null,
        1,
        2,
        null,
        1,
        1,
        null,
        1,
        null,
        null,
        1,
        1,
        null,
        1,
        null,
        null,
        null,
        null,
        null,
        null,
        null,
        null,
        null,
        null,
        null,
        null,
        null,
        null,
        null
      ],
      "/Users/bvm/workspace/voltmobi/jobs_aggregation/spec/models/user_spec.rb": [
        null,
        null,
        1,
        null,
        1,
        2,
        null,
        1,
        1,
        null,
        null,
        null,
        null,
        null,
        null,
        null,
        null,
        null,
        null,
        null,
        null,
        null,
        null,
        null,
        null,
        null
      ],
      "/Users/bvm/workspace/voltmobi/jobs_aggregation/spec/services/jwt_service_spec.rb": [
        null,
        null,
        1,
        null,
        1,
        3,
        null,
        1,
        2,
        null,
        2,
        null,
        null,
        1,
        1,
        null,
        1,
        null,
        null,
        1,
        1,
        null,
        1,
        null,
        null
      ],
      "/Users/bvm/workspace/voltmobi/jobs_aggregation/app/services/jwt_service.rb": [
        null,
        null,
        1,
        null,
        1,
        1,
        null,
        1,
        1,
        1,
        null,
        null,
        1,
        23,
        null,
        23,
        null,
        null,
        null
      ],
      "/Users/bvm/workspace/voltmobi/jobs_aggregation/spec/services/parsers/indeed_parser_spec.rb": [
        null,
        null,
        1,
        null,
        1,
        1,
        1,
        null,
        1,
        1,
        null,
        1,
        1,
        null,
        null
      ],
      "/Users/bvm/workspace/voltmobi/jobs_aggregation/app/services/parsers/indeed_parser.rb": [
        null,
        null,
        1,
        1,
        null,
        1,
        4,
        null,
        null,
        1,
        42,
        null,
        null,
        1,
        2,
        null,
        null,
        1,
        8,
        null,
        null,
        1,
        80,
        null,
        null,
        1,
        40,
        null,
        null,
        1,
        40,
        null,
        null,
        1,
        40,
        null,
        null,
        1,
        40,
        null,
        null,
        1,
        40,
        null,
        null,
        1,
        40,
        null,
        null
      ],
      "/Users/bvm/workspace/voltmobi/jobs_aggregation/app/services/parsers/base_parser.rb": [
        null,
        null,
        1,
        null,
        1,
        1,
        null,
        1,
        null,
        1,
        4,
        4,
        4,
        4,
        null,
        null,
        1,
        4,
        10,
        null,
        10,
        82,
        null,
        null,
        10,
        null,
        null,
        4,
        null,
        null,
        1,
        null,
        1,
        20,
        null,
        null,
        1,
        null,
        82,
        null,
        null,
        null,
        null,
        null,
        null,
        null,
        null,
        null,
        1,
        0,
        null,
        null,
        1,
        40,
        null,
        null,
        1,
        null,
        1,
        null
      ],
      "/Users/bvm/workspace/voltmobi/jobs_aggregation/spec/services/parsers/simplyhired_parser_spec.rb": [
        null,
        null,
        1,
        null,
        1,
        1,
        1,
        null,
        1,
        1,
        null,
        1,
        1,
        1,
        null,
        null
      ],
      "/Users/bvm/workspace/voltmobi/jobs_aggregation/app/services/parsers/simplyhired_parser.rb": [
        null,
        null,
        1,
        1,
        null,
        1,
        6,
        null,
        null,
        1,
        44,
        null,
        null,
        1,
        2,
        null,
        null,
        1,
        12,
        null,
        null,
        1,
        84,
        null,
        null,
        1,
        42,
        null,
        null,
        1,
        42,
        null,
        null,
        1,
        42,
        null,
        null,
        1,
        42,
        null,
        null,
        1,
        42,
        null,
        38,
        null,
        null,
        38,
        null,
        38,
        38,
        null,
        38,
        0,
        0,
        null,
        null,
        null,
        1,
        42,
        null,
        null,
        1,
        42,
        null,
        null
      ],
      "/Users/bvm/workspace/voltmobi/jobs_aggregation/app/domains/presenters/feed_items.rb": [
        null,
        null,
        1,
        1,
        1,
        1,
        null,
        1,
        null,
        null,
        null
      ],
      "/Users/bvm/workspace/voltmobi/jobs_aggregation/app/domains/presenters/feed.rb": [
        null,
        null,
        1,
        1,
        1,
        1,
        null,
        null,
        null
      ],
      "/Users/bvm/workspace/voltmobi/jobs_aggregation/app/domains/commands/feed/refresh.rb": [
        null,
        null,
        1,
        1,
        null,
        1,
        1,
        null,
        null,
        1,
        1,
        null,
        null
      ],
      "/Users/bvm/workspace/voltmobi/jobs_aggregation/app/services/registered_parsers_service.rb": [
        null,
        null,
        1,
        1,
        null,
        1,
        1,
        1,
        null,
        null,
        1,
        1,
        2,
        null,
        null,
        1,
        null,
        null,
        1,
        null,
        1,
        4,
        2,
        null,
        null,
        null
      ],
      "/Users/bvm/workspace/voltmobi/jobs_aggregation/app/domains/commands/feed_item/create.rb": [
        null,
        null,
        1,
        1,
        null,
        1,
        40,
        40,
        null,
        null,
        1,
        40,
        null,
        null
      ]
    },
    "timestamp": 1571850376
  }
}
